[debug] [2026-01-06T01:09:23.030Z] ----------------------------------------------------------------------
[debug] [2026-01-06T01:09:23.053Z] Command:       C:\Program Files\nodejs\node.exe C:\Users\ic241237\AppData\Roaming\npm\node_modules\firebase-tools\lib\bin\firebase.js deploy --non-interactive
[debug] [2026-01-06T01:09:23.054Z] CLI Version:   15.1.0
[debug] [2026-01-06T01:09:23.054Z] Platform:      win32
[debug] [2026-01-06T01:09:23.054Z] Node Version:  v24.12.0
[debug] [2026-01-06T01:09:23.055Z] Time:          Tue Jan 06 2026 10:09:23 GMT+0900 (日本標準時)
[debug] [2026-01-06T01:09:23.056Z] ----------------------------------------------------------------------
[debug] 
[debug] [2026-01-06T01:09:44.097Z] > command requires scopes: ["email","openid","https://www.googleapis.com/auth/cloudplatformprojects.readonly","https://www.googleapis.com/auth/firebase","https://www.googleapis.com/auth/cloud-platform"]
[debug] [2026-01-06T01:09:44.099Z] > authorizing via signed-in user (sssmile322@gmail.com)
[debug] [2026-01-06T01:09:44.099Z] [iam] checking project traffic-restaurant for permissions ["firebase.projects.get","firebasehosting.sites.update"]
[debug] [2026-01-06T01:09:44.104Z] Checked if tokens are valid: false, expires at: 1767591033591
[debug] [2026-01-06T01:09:44.104Z] Checked if tokens are valid: false, expires at: 1767591033591
[debug] [2026-01-06T01:09:44.105Z] > refreshing access token with scopes: []
[debug] [2026-01-06T01:09:44.110Z] >>> [apiv2][query] POST https://www.googleapis.com/oauth2/v3/token [none]
[debug] [2026-01-06T01:09:44.110Z] >>> [apiv2][body] POST https://www.googleapis.com/oauth2/v3/token [omitted]
[debug] [2026-01-06T01:10:09.213Z] *** [apiv2] error from fetch(https://www.googleapis.com/oauth2/v3/token, {"headers":{},"method":"POST","body":{"_overheadLength":545,"_valueLength":212,"_valuesToMeasure":[],"writable":false,"readable":true,"dataSize":0,"maxDataSize":2097152,"pauseStreams":true,"_released":true,"_streams":[],"_currentStream":null,"_insideLoop":false,"_pendingNext":false,"_boundary":"--------------------------1cc0ba8203cc2eb6f33776b0","_events":{},"_eventsCount":1}}): FetchError: request to https://www.googleapis.com/oauth2/v3/token failed, reason: 
[error] Authentication Error: Your credentials are no longer valid. Please run firebase login --reauth

For CI servers and headless environments, generate a new token with firebase login:ci
[debug] [2026-01-06T01:10:09.215Z] [iam] error while checking permissions, command may fail: Authentication Error: Your credentials are no longer valid. Please run firebase login --reauth

For CI servers and headless environments, generate a new token with firebase login:ci
[debug] [2026-01-06T01:10:09.216Z] Checked if tokens are valid: false, expires at: 1767591033591
[debug] [2026-01-06T01:10:09.216Z] Checked if tokens are valid: false, expires at: 1767591033591
[debug] [2026-01-06T01:10:09.217Z] > refreshing access token with scopes: []
[debug] [2026-01-06T01:10:09.218Z] >>> [apiv2][query] POST https://www.googleapis.com/oauth2/v3/token [none]
[debug] [2026-01-06T01:10:09.218Z] >>> [apiv2][body] POST https://www.googleapis.com/oauth2/v3/token [omitted]
[debug] [2026-01-06T01:10:34.198Z] *** [apiv2] error from fetch(https://www.googleapis.com/oauth2/v3/token, {"headers":{},"method":"POST","body":{"_overheadLength":545,"_valueLength":212,"_valuesToMeasure":[],"writable":false,"readable":true,"dataSize":0,"maxDataSize":2097152,"pauseStreams":true,"_released":true,"_streams":[],"_currentStream":null,"_insideLoop":false,"_pendingNext":false,"_boundary":"--------------------------82a975e33b0cbe70d8b5d74b","_events":{},"_eventsCount":1}}): FetchError: request to https://www.googleapis.com/oauth2/v3/token failed, reason: 
[error] Authentication Error: Your credentials are no longer valid. Please run firebase login --reauth

For CI servers and headless environments, generate a new token with firebase login:ci
[debug] [2026-01-06T01:10:34.199Z] Authentication Error: Your credentials are no longer valid. Please run firebase login --reauth

For CI servers and headless environments, generate a new token with firebase login:ci
[error] 
[error] Error: Assertion failed: resolving hosting target of a site with no site name or target name. This should have caused an error earlier
